INFO     planner time limit: None
INFO     planner memory limit: None

INFO     Running translator.
INFO     translator stdin: None
INFO     translator time limit: None
INFO     translator memory limit: None
INFO     translator command line string: /home/will/.cache/pypoetry/virtualenvs/opentamp-864TtxJA-py3.8/bin/python3 /home/will/poetry_tamp/openTAMP/opentamp/task_planners/downward/builds/release/bin/translate/translate.py /home/will/poetry_tamp/openTAMP/opentamp/pddl_files/TaskServer0_server_floorplan_nav_belief_pointerobs_fulllength_taskmap_smallbuf_addobsvisibilitydebug_splitnet_sweepskolemupdate_truetargpred_30minrun_0_temp_dom.pddl /home/will/poetry_tamp/openTAMP/opentamp/pddl_files/TaskServer0_server_floorplan_nav_belief_pointerobs_fulllength_taskmap_smallbuf_addobsvisibilitydebug_splitnet_sweepskolemupdate_truetargpred_30minrun_0_temp_prob.pddl --sas-file /home/will/poetry_tamp/openTAMP/opentamp/pddl_files/TaskServer0_server_floorplan_nav_belief_pointerobs_fulllength_taskmap_smallbuf_addobsvisibilitydebug_splitnet_sweepskolemupdate_truetargpred_30minrun_0_temp__out.sas
Parsing...
Parsing: [0.000s CPU, 0.001s wall-clock]
Normalizing task... [0.000s CPU, 0.000s wall-clock]
Instantiating...
Generating Datalog program... [0.000s CPU, 0.000s wall-clock]
Normalizing Datalog program...
Normalizing Datalog program: [0.010s CPU, 0.001s wall-clock]
Preparing model... [0.000s CPU, 0.000s wall-clock]
Generated 10 rules.
Computing model... [0.000s CPU, 0.000s wall-clock]
19 relevant atoms
4 auxiliary atoms
23 final queue length
23 total queue pushes
Completing instantiation... [0.000s CPU, 0.000s wall-clock]
Instantiating: [0.010s CPU, 0.001s wall-clock]
Computing fact groups...
Finding invariants...
8 initial candidates
Finding invariants: [0.000s CPU, 0.000s wall-clock]
Checking invariant weight... [0.000s CPU, 0.000s wall-clock]
Instantiating groups... [0.000s CPU, 0.000s wall-clock]
Collecting mutex groups... [0.000s CPU, 0.000s wall-clock]
Choosing groups...
3 uncovered facts
Choosing groups: [0.000s CPU, 0.000s wall-clock]
Building translation key... [0.000s CPU, 0.000s wall-clock]
Computing fact groups: [0.000s CPU, 0.000s wall-clock]
Building STRIPS to SAS dictionary... [0.000s CPU, 0.000s wall-clock]
Building dictionary for full mutex groups... [0.000s CPU, 0.000s wall-clock]
Building mutex information...
Building mutex information: [0.000s CPU, 0.000s wall-clock]
Translating task...
Processing axioms...
Simplifying axioms... [0.000s CPU, 0.000s wall-clock]
Translator axioms removed by simplifying: 0
Computing negative axioms... [0.000s CPU, 0.000s wall-clock]
Processing axioms: [0.000s CPU, 0.000s wall-clock]
Translating task: [0.000s CPU, 0.000s wall-clock]
0 effect conditions simplified
0 implied preconditions added
Detecting unreachable propositions...
0 operators removed
0 axioms removed
0 propositions removed
Detecting unreachable propositions: [0.000s CPU, 0.000s wall-clock]
Reordering and filtering variables...
2 of 3 variables necessary.
0 of 0 mutex groups necessary.
2 of 2 operators necessary.
0 of 0 axiom rules necessary.
Reordering and filtering variables: [0.000s CPU, 0.000s wall-clock]
Translator variables: 2
Translator derived variables: 0
Translator facts: 4
Translator goal facts: 1
Translator mutex groups: 0
Translator total mutex groups size: 0
Translator operators: 2
Translator axioms: 0
Translator task size: 12
Translator peak memory: 29920 KB
Writing output... [0.000s CPU, 0.000s wall-clock]
Done! [0.010s CPU, 0.003s wall-clock]
translate exit code: 0

INFO     Running search (release).
INFO     search stdin: /home/will/poetry_tamp/openTAMP/opentamp/pddl_files/TaskServer0_server_floorplan_nav_belief_pointerobs_fulllength_taskmap_smallbuf_addobsvisibilitydebug_splitnet_sweepskolemupdate_truetargpred_30minrun_0_temp__out.sas
INFO     search time limit: None
INFO     search memory limit: None
INFO     search command line string: /home/will/poetry_tamp/openTAMP/opentamp/task_planners/downward/builds/release/bin/downward --search --if-unit-cost 'let(hlm,landmark_sum(lm_reasonable_orders_hps(lm_rhw()),pref=true),let(hff,ff(),iterated([lazy_greedy([hff,hlm],preferred=[hff,hlm]),lazy_wastar([hff,hlm],preferred=[hff,hlm],w=5),lazy_wastar([hff,hlm],preferred=[hff,hlm],w=3),lazy_wastar([hff,hlm],preferred=[hff,hlm],w=2),lazy_wastar([hff,hlm],preferred=[hff,hlm],w=1)],repeat_last=true,continue_on_fail=true)))' --if-non-unit-cost 'let(hlm1,landmark_sum(lm_reasonable_orders_hps(lm_rhw()),transform=adapt_costs(one),pref=true),let(hff1,ff(transform=adapt_costs(one)),let(hlm2,landmark_sum(lm_reasonable_orders_hps(lm_rhw()),transform=adapt_costs(plusone),pref=true),let(hff2,ff(transform=adapt_costs(plusone)),iterated([lazy_greedy([hff1,hlm1],preferred=[hff1,hlm1],cost_type=one,reopen_closed=false),lazy_greedy([hff2,hlm2],preferred=[hff2,hlm2],reopen_closed=false),lazy_wastar([hff2,hlm2],preferred=[hff2,hlm2],w=5),lazy_wastar([hff2,hlm2],preferred=[hff2,hlm2],w=3),lazy_wastar([hff2,hlm2],preferred=[hff2,hlm2],w=2),lazy_wastar([hff2,hlm2],preferred=[hff2,hlm2],w=1)],repeat_last=true,continue_on_fail=true)))))' --always --internal-plan-file /home/will/poetry_tamp/openTAMP/opentamp/pddl_files/TaskServer0_server_floorplan_nav_belief_pointerobs_fulllength_taskmap_smallbuf_addobsvisibilitydebug_splitnet_sweepskolemupdate_truetargpred_30minrun_0_temp_prob.output < /home/will/poetry_tamp/openTAMP/opentamp/pddl_files/TaskServer0_server_floorplan_nav_belief_pointerobs_fulllength_taskmap_smallbuf_addobsvisibilitydebug_splitnet_sweepskolemupdate_truetargpred_30minrun_0_temp__out.sas
[t=0.000097s, 9948 KB] reading input...
[t=0.000220s, 9948 KB] done reading input!
[t=0.001602s, 10212 KB] Initializing landmark sum heuristic...
[t=0.001659s, 10212 KB] Generating landmark graph...
[t=0.001672s, 10212 KB] Building a landmark graph with reasonable orders.
[t=0.001681s, 10212 KB] Initializing Exploration...
[t=0.001690s, 10212 KB] Generating landmarks using the RPG/SAS+ approach
[t=0.001718s, 10212 KB] Landmarks generation time: 0.000045s
[t=0.001726s, 10212 KB] Discovered 4 landmarks, of which 0 are disjunctive and 0 are conjunctive.
[t=0.001734s, 10212 KB] 3 edges
[t=0.001741s, 10212 KB] approx. reasonable orders
[t=0.001751s, 10212 KB] Landmarks generation time: 0.000087s
[t=0.001759s, 10212 KB] Discovered 4 landmarks, of which 0 are disjunctive and 0 are conjunctive.
[t=0.001766s, 10212 KB] 3 edges
[t=0.001773s, 10212 KB] Landmark graph generation time: 0.000122s
[t=0.001781s, 10212 KB] Landmark graph contains 4 landmarks, of which 0 are disjunctive and 0 are conjunctive.
[t=0.001788s, 10212 KB] Landmark graph contains 3 orderings.
[t=0.001811s, 10212 KB] Simplifying 2 unary operators... done! [2 unary operators]
[t=0.001823s, 10212 KB] time to simplify: 0.000019s
[t=0.001831s, 10212 KB] Initializing additive heuristic...
[t=0.001838s, 10212 KB] Initializing FF heuristic...
[t=0.001926s, 10212 KB] Building successor generator...done!
[t=0.001953s, 10212 KB] peak memory difference for successor generator creation: 0 KB
[t=0.001960s, 10212 KB] time for successor generation creation: 0.000002s
[t=0.001969s, 10212 KB] Variables: 2
[t=0.001976s, 10212 KB] FactPairs: 4
[t=0.001983s, 10212 KB] Bytes per state: 4
[t=0.002042s, 10212 KB] Building successor generator...done!
[t=0.002077s, 10212 KB] peak memory difference for successor generator creation: 0 KB
[t=0.002084s, 10212 KB] time for successor generation creation: 0.000000s
[t=0.002092s, 10212 KB] Variables: 2
[t=0.002099s, 10212 KB] FactPairs: 4
[t=0.002105s, 10212 KB] Bytes per state: 4
[t=0.002122s, 10212 KB] Starting search: lazy_greedy([hff,hlm],preferred=[hff,hlm])
[t=0.002132s, 10212 KB] Conducting lazy best first search, (real) bound = 2147483647
[t=0.002181s, 10344 KB] New best heuristic value for landmark_sum(lm_reasonable_orders_hps(lm_rhw()),pref=true): 2
[t=0.002195s, 10344 KB] New best heuristic value for ff(): 2
[t=0.002202s, 10344 KB] g=0, 1 evaluated, 0 expanded
[t=0.002212s, 10344 KB] Initial heuristic value for landmark_sum(lm_reasonable_orders_hps(lm_rhw()),pref=true): 2
[t=0.002219s, 10344 KB] Initial heuristic value for ff(): 2
[t=0.002231s, 10344 KB] New best heuristic value for landmark_sum(lm_reasonable_orders_hps(lm_rhw()),pref=true): 1
[t=0.002245s, 10344 KB] New best heuristic value for ff(): 1
[t=0.002252s, 10344 KB] g=1, 2 evaluated, 1 expanded
[t=0.002264s, 10344 KB] Solution found!
[t=0.002272s, 10344 KB] Actual search time: 0.000111s
move_to_loc_same_room rob r0 targ (1)
sleep rob targ (1)
[t=0.002325s, 10344 KB] Plan length: 2 step(s).
[t=0.002333s, 10344 KB] Plan cost: 2
[t=0.002341s, 10344 KB] Expanded 2 state(s).
[t=0.002348s, 10344 KB] Reopened 0 state(s).
[t=0.002355s, 10344 KB] Evaluated 3 state(s).
[t=0.002362s, 10344 KB] Evaluations: 6
[t=0.002369s, 10344 KB] Generated 3 state(s).
[t=0.002376s, 10344 KB] Dead ends: 0 state(s).
[t=0.002383s, 10344 KB] Number of registered states: 3
[t=0.002390s, 10344 KB] Int hash set load factor: 3/4 = 0.750000
[t=0.002397s, 10344 KB] Int hash set resizes: 2
[t=0.002405s, 10344 KB] Best solution cost so far: 2
[t=0.002412s, 10344 KB] Solution found - keep searching
[t=0.002475s, 10344 KB] Building successor generator...done!
[t=0.002496s, 10344 KB] peak memory difference for successor generator creation: 0 KB
[t=0.002503s, 10344 KB] time for successor generation creation: 0.000000s
[t=0.002510s, 10344 KB] Variables: 2
[t=0.002517s, 10344 KB] FactPairs: 4
[t=0.002524s, 10344 KB] Bytes per state: 4
[t=0.002536s, 10344 KB] Starting search: lazy_wastar([hff,hlm],preferred=[hff,hlm],w=5)
[t=0.002545s, 10344 KB] Conducting lazy best first search, (real) bound = 2
[t=0.002558s, 10344 KB] New best heuristic value for landmark_sum(lm_reasonable_orders_hps(lm_rhw()),pref=true): 2
[t=0.002565s, 10344 KB] New best heuristic value for ff(): 2
[t=0.002572s, 10344 KB] g=0, 1 evaluated, 0 expanded
[t=0.002581s, 10344 KB] Initial heuristic value for landmark_sum(lm_reasonable_orders_hps(lm_rhw()),pref=true): 2
[t=0.002589s, 10344 KB] Initial heuristic value for ff(): 2
[t=0.002598s, 10344 KB] New best heuristic value for landmark_sum(lm_reasonable_orders_hps(lm_rhw()),pref=true): 1
[t=0.002606s, 10344 KB] New best heuristic value for ff(): 1
[t=0.002613s, 10344 KB] g=1, 2 evaluated, 1 expanded
[t=0.002622s, 10344 KB] Completely explored state space -- no solution!
[t=0.002629s, 10344 KB] Actual search time: 0.000082s
[t=0.002637s, 10344 KB] Expanded 2 state(s).
[t=0.002644s, 10344 KB] Reopened 0 state(s).
[t=0.002651s, 10344 KB] Evaluated 2 state(s).
[t=0.002658s, 10344 KB] Evaluations: 4
[t=0.002665s, 10344 KB] Generated 3 state(s).
[t=0.002672s, 10344 KB] Dead ends: 0 state(s).
[t=0.002679s, 10344 KB] Number of registered states: 2
[t=0.002685s, 10344 KB] Int hash set load factor: 2/2 = 1.000000
[t=0.002693s, 10344 KB] Int hash set resizes: 1
[t=0.002700s, 10344 KB] Best solution cost so far: 2
[t=0.002707s, 10344 KB] No solution found - keep searching
[t=0.002736s, 10344 KB] Building successor generator...done!
[t=0.002756s, 10344 KB] peak memory difference for successor generator creation: 0 KB
[t=0.002764s, 10344 KB] time for successor generation creation: 0.000000s
[t=0.002771s, 10344 KB] Variables: 2
[t=0.002778s, 10344 KB] FactPairs: 4
[t=0.002785s, 10344 KB] Bytes per state: 4
[t=0.002796s, 10344 KB] Starting search: lazy_wastar([hff,hlm],preferred=[hff,hlm],w=3)
[t=0.002805s, 10344 KB] Conducting lazy best first search, (real) bound = 2
[t=0.002815s, 10344 KB] New best heuristic value for landmark_sum(lm_reasonable_orders_hps(lm_rhw()),pref=true): 2
[t=0.002822s, 10344 KB] New best heuristic value for ff(): 2
[t=0.002829s, 10344 KB] g=0, 1 evaluated, 0 expanded
[t=0.002838s, 10344 KB] Initial heuristic value for landmark_sum(lm_reasonable_orders_hps(lm_rhw()),pref=true): 2
[t=0.002845s, 10344 KB] Initial heuristic value for ff(): 2
[t=0.002854s, 10344 KB] New best heuristic value for landmark_sum(lm_reasonable_orders_hps(lm_rhw()),pref=true): 1
[t=0.002862s, 10344 KB] New best heuristic value for ff(): 1
[t=0.002869s, 10344 KB] g=1, 2 evaluated, 1 expanded
[t=0.002877s, 10344 KB] Completely explored state space -- no solution!
[t=0.002884s, 10344 KB] Actual search time: 0.000078s
[t=0.002891s, 10344 KB] Expanded 2 state(s).
[t=0.002899s, 10344 KB] Reopened 0 state(s).
[t=0.002907s, 10344 KB] Evaluated 2 state(s).
[t=0.002914s, 10344 KB] Evaluations: 4
[t=0.002921s, 10344 KB] Generated 3 state(s).
[t=0.002928s, 10344 KB] Dead ends: 0 state(s).
[t=0.002935s, 10344 KB] Number of registered states: 2
[t=0.002942s, 10344 KB] Int hash set load factor: 2/2 = 1.000000
[t=0.002949s, 10344 KB] Int hash set resizes: 1
[t=0.002956s, 10344 KB] Best solution cost so far: 2
[t=0.002963s, 10344 KB] No solution found - keep searching
[t=0.002992s, 10344 KB] Building successor generator...done!
[t=0.003012s, 10344 KB] peak memory difference for successor generator creation: 0 KB
[t=0.003019s, 10344 KB] time for successor generation creation: 0.000000s
[t=0.003026s, 10344 KB] Variables: 2
[t=0.003033s, 10344 KB] FactPairs: 4
[t=0.003040s, 10344 KB] Bytes per state: 4
[t=0.003050s, 10344 KB] Starting search: lazy_wastar([hff,hlm],preferred=[hff,hlm],w=2)
[t=0.003058s, 10344 KB] Conducting lazy best first search, (real) bound = 2
[t=0.003068s, 10344 KB] New best heuristic value for landmark_sum(lm_reasonable_orders_hps(lm_rhw()),pref=true): 2
[t=0.003075s, 10344 KB] New best heuristic value for ff(): 2
[t=0.003082s, 10344 KB] g=0, 1 evaluated, 0 expanded
[t=0.003090s, 10344 KB] Initial heuristic value for landmark_sum(lm_reasonable_orders_hps(lm_rhw()),pref=true): 2
[t=0.003097s, 10344 KB] Initial heuristic value for ff(): 2
[t=0.003106s, 10344 KB] New best heuristic value for landmark_sum(lm_reasonable_orders_hps(lm_rhw()),pref=true): 1
[t=0.003114s, 10344 KB] New best heuristic value for ff(): 1
[t=0.003121s, 10344 KB] g=1, 2 evaluated, 1 expanded
[t=0.003131s, 10344 KB] Completely explored state space -- no solution!
[t=0.003140s, 10344 KB] Actual search time: 0.000083s
[t=0.003156s, 10344 KB] Expanded 2 state(s).
[t=0.003166s, 10344 KB] Reopened 0 state(s).
[t=0.003175s, 10344 KB] Evaluated 2 state(s).
[t=0.003182s, 10344 KB] Evaluations: 4
[t=0.003189s, 10344 KB] Generated 3 state(s).
[t=0.003198s, 10344 KB] Dead ends: 0 state(s).
[t=0.003208s, 10344 KB] Number of registered states: 2
[t=0.003216s, 10344 KB] Int hash set load factor: 2/2 = 1.000000
[t=0.003224s, 10344 KB] Int hash set resizes: 1
[t=0.003230s, 10344 KB] Best solution cost so far: 2
[t=0.003237s, 10344 KB] No solution found - keep searching
[t=0.003264s, 10344 KB] Building successor generator...done!
[t=0.003284s, 10344 KB] peak memory difference for successor generator creation: 0 KB
[t=0.003291s, 10344 KB] time for successor generation creation: 0.000000s
[t=0.003298s, 10344 KB] Variables: 2
[t=0.003305s, 10344 KB] FactPairs: 4
[t=0.003312s, 10344 KB] Bytes per state: 4
[t=0.003322s, 10344 KB] Starting search: lazy_wastar([hff,hlm],preferred=[hff,hlm],w=1)
[t=0.003330s, 10344 KB] Conducting lazy best first search, (real) bound = 2
[t=0.003340s, 10344 KB] New best heuristic value for landmark_sum(lm_reasonable_orders_hps(lm_rhw()),pref=true): 2
[t=0.003348s, 10344 KB] New best heuristic value for ff(): 2
[t=0.003355s, 10344 KB] g=0, 1 evaluated, 0 expanded
[t=0.003363s, 10344 KB] Initial heuristic value for landmark_sum(lm_reasonable_orders_hps(lm_rhw()),pref=true): 2
[t=0.003370s, 10344 KB] Initial heuristic value for ff(): 2
[t=0.003379s, 10344 KB] New best heuristic value for landmark_sum(lm_reasonable_orders_hps(lm_rhw()),pref=true): 1
[t=0.003386s, 10344 KB] New best heuristic value for ff(): 1
[t=0.003393s, 10344 KB] g=1, 2 evaluated, 1 expanded
[t=0.003401s, 10344 KB] Completely explored state space -- no solution!
[t=0.003408s, 10344 KB] Actual search time: 0.000076s
[t=0.003415s, 10344 KB] Expanded 2 state(s).
[t=0.003422s, 10344 KB] Reopened 0 state(s).
[t=0.003429s, 10344 KB] Evaluated 2 state(s).
[t=0.003435s, 10344 KB] Evaluations: 4
[t=0.003442s, 10344 KB] Generated 3 state(s).
[t=0.003449s, 10344 KB] Dead ends: 0 state(s).
[t=0.003455s, 10344 KB] Number of registered states: 2
[t=0.003462s, 10344 KB] Int hash set load factor: 2/2 = 1.000000
[t=0.003469s, 10344 KB] Int hash set resizes: 1
[t=0.003476s, 10344 KB] Best solution cost so far: 2
[t=0.003483s, 10344 KB] No solution found - keep searching
[t=0.003494s, 10344 KB] Actual search time: 0.001482s
[t=0.003502s, 10344 KB] Cumulative statistics:
[t=0.003502s, 10344 KB] Expanded 10 state(s).
[t=0.003502s, 10344 KB] Reopened 0 state(s).
[t=0.003502s, 10344 KB] Evaluated 11 state(s).
[t=0.003502s, 10344 KB] Evaluations: 22
[t=0.003502s, 10344 KB] Generated 15 state(s).
[t=0.003502s, 10344 KB] Dead ends: 0 state(s).
[t=0.003502s, 10344 KB] Search time: 0.001483s
[t=0.003502s, 10344 KB] Total time: 0.003502s
Solution found.
Peak memory: 10344 KB
search exit code: 0

INFO     Planner time: 0.12s
